<?xml version="1.0" encoding="UTF-8"?>
<testng-results ignored="0" total="1" passed="1" failed="0" skipped="0">
  <reporter-output>
  </reporter-output>
  <suite started-at="2023-09-24T12:46:12 IST" name="Suite" finished-at="2023-09-24T12:46:34 IST" duration-ms="22240">
    <groups>
    </groups>
    <test started-at="2023-09-24T12:46:12 IST" name="Test" finished-at="2023-09-24T12:46:34 IST" duration-ms="22240">
      <class name="tests.TotalLinksTest">
        <test-method is-config="true" signature="setup()[pri:0, instance:tests.TotalLinksTest@229f66ed]" started-at="2023-09-24T12:46:12 IST" name="setup" finished-at="2023-09-24T12:46:27 IST" duration-ms="14851" status="PASS">
          <reporter-output>
          </reporter-output>
        </test-method> <!-- setup -->
        <test-method signature="getLinks()[pri:0, instance:tests.TotalLinksTest@229f66ed]" started-at="2023-09-24T12:46:27 IST" name="getLinks" finished-at="2023-09-24T12:46:33 IST" duration-ms="6386" status="PASS">
          <reporter-output>
          </reporter-output>
        </test-method> <!-- getLinks -->
        <test-method is-config="true" signature="teadDown()[pri:0, instance:tests.TotalLinksTest@229f66ed]" started-at="2023-09-24T12:46:33 IST" name="teadDown" finished-at="2023-09-24T12:46:34 IST" duration-ms="514" status="PASS">
          <reporter-output>
          </reporter-output>
        </test-method> <!-- teadDown -->
      </class> <!-- tests.TotalLinksTest -->
    </test> <!-- Test -->
  </suite> <!-- Suite -->
</testng-results>
